<?xml version="1.0" encoding="UTF-8"?>
<!-- Generated by org.testng.reporters.JUnitReportReporter -->
<testsuite hostname="DESKTOP-VT88O37-GURU" failures="0" tests="3" name="com.crm.qa.testcases.HomePageTest" time="73.626" errors="0" timestamp="2021-01-11T13:25:03 IST" skipped="0">
  <testcase classname="com.crm.qa.testcases.HomePageTest" name="verifyHomePageTitleTest" time="30.138"/>
  <system-out/>
  <testcase classname="com.crm.qa.testcases.HomePageTest" name="verifyUserNameTest" time="18.758"/>
  <system-out/>
  <testcase classname="com.crm.qa.testcases.HomePageTest" name="clickOnContactsLinkTest" time="24.730"/>
  <system-out/>
</testsuite> <!-- com.crm.qa.testcases.HomePageTest -->
