<?xml version="1.0" encoding="UTF-8"?>
<!-- Generated by org.testng.reporters.JUnitReportReporter -->
<testsuite hostname="DESKTOP-VT88O37-GURU" failures="0" tests="3" name="com.crm.qa.testcases.LoginPageTest" time="41.772" errors="0" timestamp="2021-01-11T15:14:51 IST" skipped="0">
  <testcase classname="com.crm.qa.testcases.LoginPageTest" name="loginPageTitleTest" time="11.201"/>
  <system-out/>
  <testcase classname="com.crm.qa.testcases.LoginPageTest" name="crmLogoImageTest" time="11.783"/>
  <system-out/>
  <testcase classname="com.crm.qa.testcases.LoginPageTest" name="loginTest" time="18.788"/>
  <system-out/>
</testsuite> <!-- com.crm.qa.testcases.LoginPageTest -->
